<?xml version="1.0" encoding="UTF-8"?>
<!-- Generated by org.testng.reporters.JUnitXMLReporter -->
<testsuite ignored="3" hostname="LAPTOP-C2585A9T" failures="0" tests="6" name="my test" time="0.065" errors="0" timestamp="2023-01-30T09:04:08 PST">
  <testcase classname="day36.Grouping" name="loginByEmail" time="0.006"/>
  <testcase classname="day36.Grouping" name="loginByfacebook" time="0.002"/>
  <testcase classname="day36.Grouping" name="loginBytwitter" time="0.001"/>
  <testcase classname="day36.Grouping" name="signupbyemail" time="0.001"/>
  <testcase classname="day36.Grouping" name="paymentindollar" time="0.001"/>
  <testcase classname="day36.Grouping" name="paymentinrupees" time="0.002"/>
  <testcase classname="day36.Grouping" name="paymentReturnbyBank" time="0.0">
    <ignored/>
  </testcase> <!-- paymentReturnbyBank -->
  <testcase classname="day36.Grouping" name="signupbyfacebook" time="0.0">
    <ignored/>
  </testcase> <!-- signupbyfacebook -->
  <testcase classname="day36.Grouping" name="signupbytwitter" time="0.0">
    <ignored/>
  </testcase> <!-- signupbytwitter -->
</testsuite> <!-- my test -->
